<?xml version="1.0" encoding="UTF-8"?>
<testsuite name="com.example.projects.userservice.UserserviceApplicationTests" tests="1" skipped="0" failures="0" errors="0" timestamp="2018-11-19T17:25:21" hostname="NB1999-PC0FYPDG" time="0.11">
  <properties/>
  <testcase name="contextLoads" classname="com.example.projects.userservice.UserserviceApplicationTests" time="0.11"/>
  <system-out><![CDATA[12:25:17.097 [Test worker] DEBUG org.springframework.test.context.junit4.SpringJUnit4ClassRunner - SpringJUnit4ClassRunner constructor called with [class com.example.projects.userservice.UserserviceApplicationTests]
12:25:17.111 [Test worker] DEBUG org.springframework.test.context.BootstrapUtils - Instantiating CacheAwareContextLoaderDelegate from class [org.springframework.test.context.cache.DefaultCacheAwareContextLoaderDelegate]
12:25:17.127 [Test worker] DEBUG org.springframework.test.context.BootstrapUtils - Instantiating BootstrapContext using constructor [public org.springframework.test.context.support.DefaultBootstrapContext(java.lang.Class,org.springframework.test.context.CacheAwareContextLoaderDelegate)]
12:25:17.208 [Test worker] DEBUG org.springframework.test.context.BootstrapUtils - Instantiating TestContextBootstrapper for test class [com.example.projects.userservice.UserserviceApplicationTests] from class [org.springframework.boot.test.context.SpringBootTestContextBootstrapper]
12:25:17.234 [Test worker] INFO org.springframework.boot.test.context.SpringBootTestContextBootstrapper - Neither @ContextConfiguration nor @ContextHierarchy found for test class [com.example.projects.userservice.UserserviceApplicationTests], using SpringBootContextLoader
12:25:17.239 [Test worker] DEBUG org.springframework.test.context.support.AbstractContextLoader - Did not detect default resource location for test class [com.example.projects.userservice.UserserviceApplicationTests]: class path resource [com/example/projects/userservice/UserserviceApplicationTests-context.xml] does not exist
12:25:17.239 [Test worker] DEBUG org.springframework.test.context.support.AbstractContextLoader - Did not detect default resource location for test class [com.example.projects.userservice.UserserviceApplicationTests]: class path resource [com/example/projects/userservice/UserserviceApplicationTestsContext.groovy] does not exist
12:25:17.242 [Test worker] INFO org.springframework.test.context.support.AbstractContextLoader - Could not detect default resource locations for test class [com.example.projects.userservice.UserserviceApplicationTests]: no resource found for suffixes {-context.xml, Context.groovy}.
12:25:17.243 [Test worker] INFO org.springframework.test.context.support.AnnotationConfigContextLoaderUtils - Could not detect default configuration classes for test class [com.example.projects.userservice.UserserviceApplicationTests]: UserserviceApplicationTests does not declare any static, non-private, non-final, nested classes annotated with @Configuration.
12:25:17.290 [Test worker] DEBUG org.springframework.test.context.support.ActiveProfilesUtils - Could not find an 'annotation declaring class' for annotation type [org.springframework.test.context.ActiveProfiles] and class [com.example.projects.userservice.UserserviceApplicationTests]
12:25:17.292 [Test worker] DEBUG org.springframework.core.env.StandardEnvironment - Adding PropertySource 'systemProperties' with lowest search precedence
12:25:17.292 [Test worker] DEBUG org.springframework.core.env.StandardEnvironment - Adding PropertySource 'systemEnvironment' with lowest search precedence
12:25:17.292 [Test worker] DEBUG org.springframework.core.env.StandardEnvironment - Initialized StandardEnvironment with PropertySources [MapPropertySource@712118718 {name='systemProperties', properties={java.runtime.name=Java(TM) SE Runtime Environment, sun.boot.library.path=C:\RedHat\JDK8\jre\bin, java.vm.version=25.121-b13, java.vm.vendor=Oracle Corporation, java.vendor.url=http://java.oracle.com/, path.separator=;, java.vm.name=Java HotSpot(TM) 64-Bit Server VM, file.encoding.pkg=sun.io, user.script=, sun.java.launcher=SUN_STANDARD, user.country=US, sun.os.patch.level=, java.vm.specification.name=Java Virtual Machine Specification, user.dir=C:\gcp\userservice\userservice, java.runtime.version=1.8.0_121-b13, java.awt.graphicsenv=sun.awt.Win32GraphicsEnvironment, java.endorsed.dirs=C:\RedHat\JDK8\jre\lib\endorsed, os.arch=amd64, java.io.tmpdir=C:\Users\rhmarsh\AppData\Local\Temp\, line.separator=
, java.vm.specification.vendor=Oracle Corporation, user.variant=, os.name=Windows 10, sun.jnu.encoding=Cp1252, java.library.path=C:\RedHat\JDK8\bin;C:\WINDOWS\Sun\Java\bin;C:\WINDOWS\system32;C:\WINDOWS;C:\Program Files\Teradata\Client\16.10\bin;C:\Program Files (x86)\Teradata\Client\16.10\bin;C:\Oracle\11g\Product\11.2.0\Client_1\bin;C:\Program Files (x86)\RSA SecurID Token Common;C:\ProgramData\Oracle\Java\javapath;C:\WINDOWS\system32;C:\WINDOWS;C:\WINDOWS\System32\Wbem;C:\WINDOWS\System32\WindowsPowerShell\v1.0\;C:\WINDOWS\System32\OpenSSH\;C:\PROGRA~1\IBM\SQLLIB\BIN;C:\PROGRA~1\IBM\SQLLIB\FUNCTION;C:\Users\rhmarsh\AppData\Local\Microsoft\WindowsApps;C:\Node;C:\mvn\apache-maven-3.5.0\bin;C:\python-3.7.1-embed-amd64;C:\python-3.7.1-embed-amd64\Scripts;C:\Users\rhmarsh\AppData\Local\Google\Cloud SDK\google-cloud-sdk\bin;C:\Gradle\gradle-4.10.2\bin;;., java.specification.name=Java Platform API Specification, java.class.version=52.0, org.gradle.native=false, sun.management.compiler=HotSpot 64-Bit Tiered Compilers, os.version=10.0, user.home=C:\Users\rhmarsh, user.timezone=America/New_York, java.awt.printerjob=sun.awt.windows.WPrinterJob, file.encoding=windows-1252, java.specification.version=1.8, java.class.path=C:\gcp\userservice\userservice\build\classes\java\test;C:\gcp\userservice\userservice\build\resources\test;C:\gcp\userservice\userservice\build\classes\java\main;C:\gcp\userservice\userservice\build\resources\main;C:\Users\rhmarsh\.gradle\caches\modules-2\files-2.1\org.springframework.boot\spring-boot-starter-jdbc\2.0.6.RELEASE\5a65c8ce23562f18d70df947bffcd353e1ac2a41\spring-boot-starter-jdbc-2.0.6.RELEASE.jar;C:\Users\rhmarsh\.gradle\caches\modules-2\files-2.1\org.springframework.boot\spring-boot-starter-web\2.0.6.RELEASE\e803fc341b450b2ce01734df12e5881b8e78c0a7\spring-boot-starter-web-2.0.6.RELEASE.jar;C:\Users\rhmarsh\.gradle\caches\modules-2\files-2.1\com.h2database\h2\1.4.197\bb391050048ca8ae3e32451b5a3714ecd3596a46\h2-1.4.197.jar;C:\Users\rhmarsh\.gradle\caches\modules-2\files-2.1\org.springframework.boot\spring-boot-starter-test\2.0.6.RELEASE\f92fd015cfc9a9bd6ae653dca8d4ec5b83d4ba00\spring-boot-starter-test-2.0.6.RELEASE.jar;C:\Users\rhmarsh\.gradle\caches\modules-2\files-2.1\org.springframework.boot\spring-boot-starter-json\2.0.6.RELEASE\1b3912af3eecdbbc6cda497acc7939f2ce21e39d\spring-boot-starter-json-2.0.6.RELEASE.jar;C:\Users\rhmarsh\.gradle\caches\modules-2\files-2.1\org.springframework.boot\spring-boot-starter\2.0.6.RELEASE\9d904a4387e076343a3478c32198ec7d9d633ff4\spring-boot-starter-2.0.6.RELEASE.jar;C:\Users\rhmarsh\.gradle\caches\modules-2\files-2.1\com.zaxxer\HikariCP\2.7.9\a83113d2c091d0d0f853dad3217bd7df3beb6ae3\HikariCP-2.7.9.jar;C:\Users\rhmarsh\.gradle\caches\modules-2\files-2.1\org.springframework\spring-jdbc\5.0.10.RELEASE\16ff6fad897185eb3fb01c58796de04b9b1e8c86\spring-jdbc-5.0.10.RELEASE.jar;C:\Users\rhmarsh\.gradle\caches\modules-2\files-2.1\org.springframework.boot\spring-boot-starter-tomcat\2.0.6.RELEASE\64b22bc3d0ba734532e7cbe941354985f2a86242\spring-boot-starter-tomcat-2.0.6.RELEASE.jar;C:\Users\rhmarsh\.gradle\caches\modules-2\files-2.1\org.hibernate.validator\hibernate-validator\6.0.13.Final\af4232bf90ecd33c71147d67185dbb1cfe8f33df\hibernate-validator-6.0.13.Final.jar;C:\Users\rhmarsh\.gradle\caches\modules-2\files-2.1\org.springframework\spring-webmvc\5.0.10.RELEASE\88a601321e2b4e3b84eed0909c24b9dd8e453b5f\spring-webmvc-5.0.10.RELEASE.jar;C:\Users\rhmarsh\.gradle\caches\modules-2\files-2.1\org.springframework\spring-web\5.0.10.RELEASE\fbaaa53ec99f45fd7aaf9125beeb5c3388cce088\spring-web-5.0.10.RELEASE.jar;C:\Users\rhmarsh\.gradle\caches\modules-2\files-2.1\org.springframework.boot\spring-boot-test-autoconfigure\2.0.6.RELEASE\b0eb15474e795850dfa59b01ee6a83d7a39e3645\spring-boot-test-autoconfigure-2.0.6.RELEASE.jar;C:\Users\rhmarsh\.gradle\caches\modules-2\files-2.1\org.springframework.boot\spring-boot-test\2.0.6.RELEASE\33a53ca6d55f35b3a89320c260262a5310ba8afc\spring-boot-test-2.0.6.RELEASE.jar;C:\Users\rhmarsh\.gradle\caches\modules-2\files-2.1\com.jayway.jsonpath\json-path\2.4.0\765a4401ceb2dc8d40553c2075eb80a8fa35c2ae\json-path-2.4.0.jar;C:\Users\rhmarsh\.gradle\caches\modules-2\files-2.1\junit\junit\4.12\2973d150c0dc1fefe998f834810d68f278ea58ec\junit-4.12.jar;C:\Users\rhmarsh\.gradle\caches\modules-2\files-2.1\org.assertj\assertj-core\3.9.1\c5ce126b15f28d56cd8f960c1a6a058b9c9aea87\assertj-core-3.9.1.jar;C:\Users\rhmarsh\.gradle\caches\modules-2\files-2.1\org.mockito\mockito-core\2.15.0\b84bfbbc29cd22c9529409627af6ea2897f4fa85\mockito-core-2.15.0.jar;C:\Users\rhmarsh\.gradle\caches\modules-2\files-2.1\org.hamcrest\hamcrest-library\1.3\4785a3c21320980282f9f33d0d1264a69040538f\hamcrest-library-1.3.jar;C:\Users\rhmarsh\.gradle\caches\modules-2\files-2.1\org.hamcrest\hamcrest-core\1.3\42a25dc3219429f0e5d060061f71acb49bf010a0\hamcrest-core-1.3.jar;C:\Users\rhmarsh\.gradle\caches\modules-2\files-2.1\org.skyscreamer\jsonassert\1.5.0\6c9d5fe2f59da598d9aefc1cfc6528ff3cf32df3\jsonassert-1.5.0.jar;C:\Users\rhmarsh\.gradle\caches\modules-2\files-2.1\org.springframework\spring-test\5.0.10.RELEASE\1d2d272073f36c689c693ec3ec94d7ad7e136a2e\spring-test-5.0.10.RELEASE.jar;C:\Users\rhmarsh\.gradle\caches\modules-2\files-2.1\org.springframework.boot\spring-boot-autoconfigure\2.0.6.RELEASE\e8c88fd703dbdf79f94178a5018ad67d1ecb1d0d\spring-boot-autoconfigure-2.0.6.RELEASE.jar;C:\Users\rhmarsh\.gradle\caches\modules-2\files-2.1\org.springframework.boot\spring-boot\2.0.6.RELEASE\4d214b08bbc74f03d404e8fc862102334e0f73d1\spring-boot-2.0.6.RELEASE.jar;C:\Users\rhmarsh\.gradle\caches\modules-2\files-2.1\org.springframework\spring-tx\5.0.10.RELEASE\55608ae84fde15eb942d675e3b1ee7d30394d4cb\spring-tx-5.0.10.RELEASE.jar;C:\Users\rhmarsh\.gradle\caches\modules-2\files-2.1\org.springframework\spring-context\5.0.10.RELEASE\6f53de0618219fefc2aebf92ba175e6b33e14ce0\spring-context-5.0.10.RELEASE.jar;C:\Users\rhmarsh\.gradle\caches\modules-2\files-2.1\org.springframework\spring-expression\5.0.10.RELEASE\eaf8595e3bf18ef1aca1c233d9871552d258e38a\spring-expression-5.0.10.RELEASE.jar;C:\Users\rhmarsh\.gradle\caches\modules-2\files-2.1\org.springframework\spring-aop\5.0.10.RELEASE\da65874f61aef9c25db794f493e50683346d3056\spring-aop-5.0.10.RELEASE.jar;C:\Users\rhmarsh\.gradle\caches\modules-2\files-2.1\org.springframework\spring-beans\5.0.10.RELEASE\8ec7da928082a123c50d5d70cd4b46382db27e8b\spring-beans-5.0.10.RELEASE.jar;C:\Users\rhmarsh\.gradle\caches\modules-2\files-2.1\org.springframework\spring-core\5.0.10.RELEASE\cb270a60ceb573961588f511222984de64b4bc96\spring-core-5.0.10.RELEASE.jar;C:\Users\rhmarsh\.gradle\caches\modules-2\files-2.1\org.xmlunit\xmlunit-core\2.5.1\4ffdb346572a7356f7521cd3119ce5287d2e339d\xmlunit-core-2.5.1.jar;C:\Users\rhmarsh\.gradle\caches\modules-2\files-2.1\org.springframework.boot\spring-boot-starter-logging\2.0.6.RELEASE\a730d62c8eb80cdc95e5089e47570d24731cf5dd\spring-boot-starter-logging-2.0.6.RELEASE.jar;C:\Users\rhmarsh\.gradle\caches\modules-2\files-2.1\javax.annotation\javax.annotation-api\1.3.2\934c04d3cfef185a8008e7bf34331b79730a9d43\javax.annotation-api-1.3.2.jar;C:\Users\rhmarsh\.gradle\caches\modules-2\files-2.1\org.yaml\snakeyaml\1.19\2d998d3d674b172a588e54ab619854d073f555b5\snakeyaml-1.19.jar;C:\Users\rhmarsh\.gradle\caches\modules-2\files-2.1\ch.qos.logback\logback-classic\1.2.3\7c4f3c474fb2c041d8028740440937705ebb473a\logback-classic-1.2.3.jar;C:\Users\rhmarsh\.gradle\caches\modules-2\files-2.1\org.apache.logging.log4j\log4j-to-slf4j\2.10.0\f7e631ccf49cfc0aefa4a2a728da7d374c05bd3c\log4j-to-slf4j-2.10.0.jar;C:\Users\rhmarsh\.gradle\caches\modules-2\files-2.1\org.slf4j\jul-to-slf4j\1.7.25\af5364cd6679bfffb114f0dec8a157aaa283b76\jul-to-slf4j-1.7.25.jar;C:\Users\rhmarsh\.gradle\caches\modules-2\files-2.1\org.slf4j\slf4j-api\1.7.25\da76ca59f6a57ee3102f8f9bd9cee742973efa8a\slf4j-api-1.7.25.jar;C:\Users\rhmarsh\.gradle\caches\modules-2\files-2.1\com.fasterxml.jackson.datatype\jackson-datatype-jdk8\2.9.7\98d8f190db07f97c64c0ea3af5792f718a6c2cc1\jackson-datatype-jdk8-2.9.7.jar;C:\Users\rhmarsh\.gradle\caches\modules-2\files-2.1\com.fasterxml.jackson.datatype\jackson-datatype-jsr310\2.9.7\cbd919f1ce67533e07b98dd493247e8dbabc26b2\jackson-datatype-jsr310-2.9.7.jar;C:\Users\rhmarsh\.gradle\caches\modules-2\files-2.1\com.fasterxml.jackson.module\jackson-module-parameter-names\2.9.7\f2bdd7696beffa2dbc5dc62cd24c3906a40ffcff\jackson-module-parameter-names-2.9.7.jar;C:\Users\rhmarsh\.gradle\caches\modules-2\files-2.1\com.fasterxml.jackson.core\jackson-databind\2.9.7\e6faad47abd3179666e89068485a1b88a195ceb7\jackson-databind-2.9.7.jar;C:\Users\rhmarsh\.gradle\caches\modules-2\files-2.1\org.apache.tomcat.embed\tomcat-embed-websocket\8.5.34\5f86906367c2540b21e6aeecc277d2ce9ec939b0\tomcat-embed-websocket-8.5.34.jar;C:\Users\rhmarsh\.gradle\caches\modules-2\files-2.1\org.apache.tomcat.embed\tomcat-embed-core\8.5.34\a038040d68a90397f95dd1e11b979fe364a5000f\tomcat-embed-core-8.5.34.jar;C:\Users\rhmarsh\.gradle\caches\modules-2\files-2.1\org.apache.tomcat.embed\tomcat-embed-el\8.5.34\be71a9a5bdd001db7cf97c47429eec0bdd3b7b88\tomcat-embed-el-8.5.34.jar;C:\Users\rhmarsh\.gradle\caches\modules-2\files-2.1\javax.validation\validation-api\2.0.1.Final\cb855558e6271b1b32e716d24cb85c7f583ce09e\validation-api-2.0.1.Final.jar;C:\Users\rhmarsh\.gradle\caches\modules-2\files-2.1\org.jboss.logging\jboss-logging\3.3.2.Final\3789d00e859632e6c6206adc0c71625559e6e3b0\jboss-logging-3.3.2.Final.jar;C:\Users\rhmarsh\.gradle\caches\modules-2\files-2.1\com.fasterxml\classmate\1.3.4\3d5f48f10bbe4eb7bd862f10c0583be2e0053c6\classmate-1.3.4.jar;C:\Users\rhmarsh\.gradle\caches\modules-2\files-2.1\net.minidev\json-smart\2.3\7396407491352ce4fa30de92efb158adb76b5b\json-smart-2.3.jar;C:\Users\rhmarsh\.gradle\caches\modules-2\files-2.1\net.bytebuddy\byte-buddy\1.7.11\f02857a4e2c66ccbe7aaad6100a0a6c461bce9b3\byte-buddy-1.7.11.jar;C:\Users\rhmarsh\.gradle\caches\modules-2\files-2.1\net.bytebuddy\byte-buddy-agent\1.7.11\b425a8933ca07edd03c6dbc8bc3b595fba9780de\byte-buddy-agent-1.7.11.jar;C:\Users\rhmarsh\.gradle\caches\modules-2\files-2.1\org.objenesis\objenesis\2.6\639033469776fd37c08358c6b92a4761feb2af4b\objenesis-2.6.jar;C:\Users\rhmarsh\.gradle\caches\modules-2\files-2.1\com.vaadin.external.google\android-json\0.0.20131108.vaadin1\fa26d351fe62a6a17f5cda1287c1c6110dec413f\android-json-0.0.20131108.vaadin1.jar;C:\Users\rhmarsh\.gradle\caches\modules-2\files-2.1\org.springframework\spring-jcl\5.0.10.RELEASE\8d6a766be91ae5613f2828eb9f77739a47ceb357\spring-jcl-5.0.10.RELEASE.jar;C:\Users\rhmarsh\.gradle\caches\modules-2\files-2.1\com.fasterxml.jackson.core\jackson-annotations\2.9.0\7c10d545325e3a6e72e06381afe469fd40eb701\jackson-annotations-2.9.0.jar;C:\Users\rhmarsh\.gradle\caches\modules-2\files-2.1\com.fasterxml.jackson.core\jackson-core\2.9.7\4b7f0e0dc527fab032e9800ed231080fdc3ac015\jackson-core-2.9.7.jar;C:\Users\rhmarsh\.gradle\caches\modules-2\files-2.1\net.minidev\accessors-smart\1.2\c592b500269bfde36096641b01238a8350f8aa31\accessors-smart-1.2.jar;C:\Users\rhmarsh\.gradle\caches\modules-2\files-2.1\ch.qos.logback\logback-core\1.2.3\864344400c3d4d92dfeb0a305dc87d953677c03c\logback-core-1.2.3.jar;C:\Users\rhmarsh\.gradle\caches\modules-2\files-2.1\org.apache.logging.log4j\log4j-api\2.10.0\fec5797a55b786184a537abd39c3fa1449d752d6\log4j-api-2.10.0.jar;C:\Users\rhmarsh\.gradle\caches\modules-2\files-2.1\org.ow2.asm\asm\5.0.4\da08b8cce7bbf903602a25a3a163ae252435795\asm-5.0.4.jar, user.name=rhmarsh, java.vm.specification.version=1.8, sun.java.command=worker.org.gradle.process.internal.worker.GradleWorkerMain 'Gradle Test Executor 1', java.home=C:\RedHat\JDK8\jre, sun.arch.data.model=64, user.language=en, java.specification.vendor=Oracle Corporation, awt.toolkit=sun.awt.windows.WToolkit, java.vm.info=mixed mode, java.version=1.8.0_121, java.ext.dirs=C:\RedHat\JDK8\jre\lib\ext;C:\WINDOWS\Sun\Java\lib\ext, sun.boot.class.path=C:\RedHat\JDK8\jre\lib\resources.jar;C:\RedHat\JDK8\jre\lib\rt.jar;C:\RedHat\JDK8\jre\lib\sunrsasign.jar;C:\RedHat\JDK8\jre\lib\jsse.jar;C:\RedHat\JDK8\jre\lib\jce.jar;C:\RedHat\JDK8\jre\lib\charsets.jar;C:\RedHat\JDK8\jre\lib\jfr.jar;C:\RedHat\JDK8\jre\classes, java.vendor=Oracle Corporation, org.gradle.test.worker=1, file.separator=\, java.vendor.url.bug=http://bugreport.sun.com/bugreport/, sun.io.unicode.encoding=UnicodeLittle, sun.cpu.endian=little, sun.desktop=windows, sun.cpu.isalist=amd64}}, SystemEnvironmentPropertySource@1978740951 {name='systemEnvironment', properties={USERDOMAIN_ROAMINGPROFILE=LOWES, PROCESSOR_LEVEL=6, SESSIONNAME=Console, ALLUSERSPROFILE=C:\ProgramData, PROCESSOR_ARCHITECTURE=AMD64, PSModulePath=;C:\Users\rhmarsh\AppData\Local\Google\Cloud SDK\google-cloud-sdk\platform\PowerShell;C:\Program Files\WindowsPowerShell\Modules;C:\WINDOWS\system32\WindowsPowerShell\v1.0\Modules, SystemDrive=C:, DataConnectorLibPath=C:\Program Files\Teradata\Client\16.10\bin\;C:\Program Files (x86)\Teradata\Client\16.10\bin\, DIRNAME=C:\Gradle\gradle-4.10.2\bin\, USERNAME=rhmarsh, OneDriveSync=C:\Users\rhmarsh\OneDrive - Lowe's Companies Inc, USERDNSDOMAIN=LOWES.COM, TERM_PROGRAM_VERSION=1.28.2, CMD_LINE_ARGS=buildDocker, ProgramFiles(x86)=C:\Program Files (x86), APP_HOME=C:\Gradle\gradle-4.10.2\bin\.., PATHEXT=.COM;.EXE;.BAT;.CMD;.VBS;.VBE;.JS;.JSE;.WSF;.WSH;.MSC;.CPL, DriverData=C:\Windows\System32\Drivers\DriverData, ProgramData=C:\ProgramData, ProgramW6432=C:\Program Files, HOMEPATH=\Users\rhmarsh, PROCESSOR_IDENTIFIER=Intel64 Family 6 Model 78 Stepping 3, GenuineIntel, ProgramFiles=C:\Program Files, PUBLIC=C:\Users\Public, windir=C:\WINDOWS, _SKIP=2, DB2INSTANCE=DB2, LOCALAPPDATA=C:\Users\rhmarsh\AppData\Local, USERDOMAIN=LOWES, LOGONSERVER=\\DCOWSCORP04, JAVA_HOME=C:\RedHat\JDK8, PROMPT=$P$G, OneDrive=C:\Users\rhmarsh\OneDrive - Lowe's Companies Inc, =C:=C:\gcp\userservice\userservice, APPDATA=C:\Users\rhmarsh\AppData\Roaming, JAVA_EXE=C:\RedHat\JDK8/bin/java.exe, CommonProgramFiles=C:\Program Files\Common Files, Path=C:\Program Files\Teradata\Client\16.10\bin;C:\Program Files (x86)\Teradata\Client\16.10\bin;C:\Oracle\11g\Product\11.2.0\Client_1\bin;C:\Program Files (x86)\RSA SecurID Token Common;C:\ProgramData\Oracle\Java\javapath;C:\WINDOWS\system32;C:\WINDOWS;C:\WINDOWS\System32\Wbem;C:\WINDOWS\System32\WindowsPowerShell\v1.0\;C:\WINDOWS\System32\OpenSSH\;C:\PROGRA~1\IBM\SQLLIB\BIN;C:\PROGRA~1\IBM\SQLLIB\FUNCTION;C:\Users\rhmarsh\AppData\Local\Microsoft\WindowsApps;C:\Node;C:\mvn\apache-maven-3.5.0\bin;C:\python-3.7.1-embed-amd64;C:\python-3.7.1-embed-amd64\Scripts;C:\Users\rhmarsh\AppData\Local\Google\Cloud SDK\google-cloud-sdk\bin;C:\Gradle\gradle-4.10.2\bin;, VSCODE_CWD=C:\VSCode, OS=Windows_NT, TERM_PROGRAM=vscode, COMPUTERNAME=NB1999-PC0FYPDG, PROCESSOR_REVISION=4e03, CLASSPATH=C:\Gradle\gradle-4.10.2\bin\..\lib\gradle-launcher-4.10.2.jar, CommonProgramW6432=C:\Program Files\Common Files, ComSpec=C:\WINDOWS\system32\cmd.exe, UATDATA=C:\WINDOWS\CCM\UATData\D9F8C395-CAB8-491d-B8AC-179A1FE1BE77, APP_BASE_NAME=gradle, SystemRoot=C:\WINDOWS, TEMP=C:\Users\rhmarsh\AppData\Local\Temp, HOMEDRIVE=C:, USERPROFILE=C:\Users\rhmarsh, TMP=C:\Users\rhmarsh\AppData\Local\Temp, CommonProgramFiles(x86)=C:\Program Files (x86)\Common Files, NUMBER_OF_PROCESSORS=4}}]
12:25:17.307 [Test worker] DEBUG org.springframework.core.io.support.PathMatchingResourcePatternResolver - Resolved classpath location [com/example/projects/userservice/] to resources [URL [file:/C:/gcp/userservice/userservice/build/classes/java/test/com/example/projects/userservice/], URL [file:/C:/gcp/userservice/userservice/build/classes/java/main/com/example/projects/userservice/]]
12:25:17.307 [Test worker] DEBUG org.springframework.core.io.support.PathMatchingResourcePatternResolver - Looking for matching resources in directory tree [C:\gcp\userservice\userservice\build\classes\java\test\com\example\projects\userservice]
12:25:17.307 [Test worker] DEBUG org.springframework.core.io.support.PathMatchingResourcePatternResolver - Searching directory [C:\gcp\userservice\userservice\build\classes\java\test\com\example\projects\userservice] for files matching pattern [C:/gcp/userservice/userservice/build/classes/java/test/com/example/projects/userservice/*.class]
12:25:17.307 [Test worker] DEBUG org.springframework.core.io.support.PathMatchingResourcePatternResolver - Looking for matching resources in directory tree [C:\gcp\userservice\userservice\build\classes\java\main\com\example\projects\userservice]
12:25:17.307 [Test worker] DEBUG org.springframework.core.io.support.PathMatchingResourcePatternResolver - Searching directory [C:\gcp\userservice\userservice\build\classes\java\main\com\example\projects\userservice] for files matching pattern [C:/gcp/userservice/userservice/build/classes/java/main/com/example/projects/userservice/*.class]
12:25:17.323 [Test worker] DEBUG org.springframework.core.io.support.PathMatchingResourcePatternResolver - Resolved location pattern [classpath*:com/example/projects/userservice/*.class] to resources [file [C:\gcp\userservice\userservice\build\classes\java\test\com\example\projects\userservice\UserserviceApplicationTests.class], file [C:\gcp\userservice\userservice\build\classes\java\main\com\example\projects\userservice\UserserviceApplication.class]]
12:25:17.370 [Test worker] DEBUG org.springframework.context.annotation.ClassPathScanningCandidateComponentProvider - Identified candidate component class: file [C:\gcp\userservice\userservice\build\classes\java\main\com\example\projects\userservice\UserserviceApplication.class]
12:25:17.370 [Test worker] INFO org.springframework.boot.test.context.SpringBootTestContextBootstrapper - Found @SpringBootConfiguration com.example.projects.userservice.UserserviceApplication for test class com.example.projects.userservice.UserserviceApplicationTests
12:25:17.620 [Test worker] DEBUG org.springframework.boot.test.context.SpringBootTestContextBootstrapper - @TestExecutionListeners is not present for class [com.example.projects.userservice.UserserviceApplicationTests]: using defaults.
12:25:17.620 [Test worker] INFO org.springframework.boot.test.context.SpringBootTestContextBootstrapper - Loaded default TestExecutionListener class names from location [META-INF/spring.factories]: [org.springframework.boot.test.autoconfigure.restdocs.RestDocsTestExecutionListener, org.springframework.boot.test.autoconfigure.web.client.MockRestServiceServerResetTestExecutionListener, org.springframework.boot.test.autoconfigure.web.servlet.MockMvcPrintOnlyOnFailureTestExecutionListener, org.springframework.boot.test.autoconfigure.web.servlet.WebDriverTestExecutionListener, org.springframework.boot.test.mock.mockito.MockitoTestExecutionListener, org.springframework.boot.test.mock.mockito.ResetMocksTestExecutionListener, org.springframework.test.context.web.ServletTestExecutionListener, org.springframework.test.context.support.DirtiesContextBeforeModesTestExecutionListener, org.springframework.test.context.support.DependencyInjectionTestExecutionListener, org.springframework.test.context.support.DirtiesContextTestExecutionListener, org.springframework.test.context.transaction.TransactionalTestExecutionListener, org.springframework.test.context.jdbc.SqlScriptsTestExecutionListener]
12:25:17.651 [Test worker] INFO org.springframework.boot.test.context.SpringBootTestContextBootstrapper - Using TestExecutionListeners: [org.springframework.test.context.web.ServletTestExecutionListener@31a974e0, org.springframework.test.context.support.DirtiesContextBeforeModesTestExecutionListener@359b6bb5, org.springframework.boot.test.mock.mockito.MockitoTestExecutionListener@5b922269, org.springframework.boot.test.autoconfigure.SpringBootDependencyInjectionTestExecutionListener@15bd59c1, org.springframework.test.context.support.DirtiesContextTestExecutionListener@6fc931e2, org.springframework.test.context.transaction.TransactionalTestExecutionListener@161296d, org.springframework.test.context.jdbc.SqlScriptsTestExecutionListener@4baad242, org.springframework.boot.test.autoconfigure.restdocs.RestDocsTestExecutionListener@34a6e9a7, org.springframework.boot.test.autoconfigure.web.client.MockRestServiceServerResetTestExecutionListener@124698f0, org.springframework.boot.test.autoconfigure.web.servlet.MockMvcPrintOnlyOnFailureTestExecutionListener@1ae4f194, org.springframework.boot.test.autoconfigure.web.servlet.WebDriverTestExecutionListener@7411848, org.springframework.boot.test.mock.mockito.ResetMocksTestExecutionListener@42922d6]
12:25:17.651 [Test worker] DEBUG org.springframework.test.annotation.ProfileValueUtils - Retrieved @ProfileValueSourceConfiguration [null] for test class [com.example.projects.userservice.UserserviceApplicationTests]
12:25:17.651 [Test worker] DEBUG org.springframework.test.annotation.ProfileValueUtils - Retrieved ProfileValueSource type [class org.springframework.test.annotation.SystemProfileValueSource] for class [com.example.projects.userservice.UserserviceApplicationTests]
12:25:17.651 [Test worker] DEBUG org.springframework.test.annotation.ProfileValueUtils - Retrieved @ProfileValueSourceConfiguration [null] for test class [com.example.projects.userservice.UserserviceApplicationTests]
12:25:17.651 [Test worker] DEBUG org.springframework.test.annotation.ProfileValueUtils - Retrieved ProfileValueSource type [class org.springframework.test.annotation.SystemProfileValueSource] for class [com.example.projects.userservice.UserserviceApplicationTests]
12:25:17.651 [Test worker] DEBUG org.springframework.test.context.support.AbstractDirtiesContextTestExecutionListener - Before test class: context [DefaultTestContext@3b4b199a testClass = UserserviceApplicationTests, testInstance = [null], testMethod = [null], testException = [null], mergedContextConfiguration = [WebMergedContextConfiguration@49235e89 testClass = UserserviceApplicationTests, locations = '{}', classes = '{class com.example.projects.userservice.UserserviceApplication}', contextInitializerClasses = '[]', activeProfiles = '{}', propertySourceLocations = '{}', propertySourceProperties = '{org.springframework.boot.test.context.SpringBootTestContextBootstrapper=true}', contextCustomizers = set[org.springframework.boot.test.autoconfigure.properties.PropertyMappingContextCustomizer@0, org.springframework.boot.test.autoconfigure.web.servlet.WebDriverContextCustomizerFactory$Customizer@49fd6326, org.springframework.boot.test.context.filter.ExcludeFilterContextCustomizer@47ce93c8, org.springframework.boot.test.json.DuplicateJsonObjectContextCustomizerFactory$DuplicateJsonObjectContextCustomizer@68ae47f6, org.springframework.boot.test.mock.mockito.MockitoContextCustomizer@0, org.springframework.boot.test.web.client.TestRestTemplateContextCustomizer@4e60c85e], resourceBasePath = 'src/main/webapp', contextLoader = 'org.springframework.boot.test.context.SpringBootContextLoader', parent = [null]], attributes = map['org.springframework.test.context.web.ServletTestExecutionListener.activateListener' -> true]], class annotated with @DirtiesContext [false] with mode [null].
12:25:17.651 [Test worker] DEBUG org.springframework.test.annotation.ProfileValueUtils - Retrieved @ProfileValueSourceConfiguration [null] for test class [com.example.projects.userservice.UserserviceApplicationTests]
12:25:17.651 [Test worker] DEBUG org.springframework.test.annotation.ProfileValueUtils - Retrieved ProfileValueSource type [class org.springframework.test.annotation.SystemProfileValueSource] for class [com.example.projects.userservice.UserserviceApplicationTests]
12:25:17.682 [Test worker] DEBUG org.springframework.core.env.StandardEnvironment - Adding PropertySource 'systemProperties' with lowest search precedence
12:25:17.682 [Test worker] DEBUG org.springframework.core.env.StandardEnvironment - Adding PropertySource 'systemEnvironment' with lowest search precedence
12:25:17.682 [Test worker] DEBUG org.springframework.core.env.StandardEnvironment - Initialized StandardEnvironment with PropertySources [MapPropertySource@1201477773 {name='systemProperties', properties={java.runtime.name=Java(TM) SE Runtime Environment, sun.boot.library.path=C:\RedHat\JDK8\jre\bin, java.vm.version=25.121-b13, java.vm.vendor=Oracle Corporation, java.vendor.url=http://java.oracle.com/, path.separator=;, java.vm.name=Java HotSpot(TM) 64-Bit Server VM, file.encoding.pkg=sun.io, user.script=, sun.java.launcher=SUN_STANDARD, user.country=US, sun.os.patch.level=, java.vm.specification.name=Java Virtual Machine Specification, user.dir=C:\gcp\userservice\userservice, java.runtime.version=1.8.0_121-b13, java.awt.graphicsenv=sun.awt.Win32GraphicsEnvironment, java.endorsed.dirs=C:\RedHat\JDK8\jre\lib\endorsed, os.arch=amd64, java.io.tmpdir=C:\Users\rhmarsh\AppData\Local\Temp\, line.separator=
, java.vm.specification.vendor=Oracle Corporation, user.variant=, os.name=Windows 10, sun.jnu.encoding=Cp1252, java.library.path=C:\RedHat\JDK8\bin;C:\WINDOWS\Sun\Java\bin;C:\WINDOWS\system32;C:\WINDOWS;C:\Program Files\Teradata\Client\16.10\bin;C:\Program Files (x86)\Teradata\Client\16.10\bin;C:\Oracle\11g\Product\11.2.0\Client_1\bin;C:\Program Files (x86)\RSA SecurID Token Common;C:\ProgramData\Oracle\Java\javapath;C:\WINDOWS\system32;C:\WINDOWS;C:\WINDOWS\System32\Wbem;C:\WINDOWS\System32\WindowsPowerShell\v1.0\;C:\WINDOWS\System32\OpenSSH\;C:\PROGRA~1\IBM\SQLLIB\BIN;C:\PROGRA~1\IBM\SQLLIB\FUNCTION;C:\Users\rhmarsh\AppData\Local\Microsoft\WindowsApps;C:\Node;C:\mvn\apache-maven-3.5.0\bin;C:\python-3.7.1-embed-amd64;C:\python-3.7.1-embed-amd64\Scripts;C:\Users\rhmarsh\AppData\Local\Google\Cloud SDK\google-cloud-sdk\bin;C:\Gradle\gradle-4.10.2\bin;;., java.specification.name=Java Platform API Specification, java.class.version=52.0, org.gradle.native=false, sun.management.compiler=HotSpot 64-Bit Tiered Compilers, os.version=10.0, user.home=C:\Users\rhmarsh, user.timezone=America/New_York, java.awt.printerjob=sun.awt.windows.WPrinterJob, file.encoding=windows-1252, java.specification.version=1.8, java.class.path=C:\gcp\userservice\userservice\build\classes\java\test;C:\gcp\userservice\userservice\build\resources\test;C:\gcp\userservice\userservice\build\classes\java\main;C:\gcp\userservice\userservice\build\resources\main;C:\Users\rhmarsh\.gradle\caches\modules-2\files-2.1\org.springframework.boot\spring-boot-starter-jdbc\2.0.6.RELEASE\5a65c8ce23562f18d70df947bffcd353e1ac2a41\spring-boot-starter-jdbc-2.0.6.RELEASE.jar;C:\Users\rhmarsh\.gradle\caches\modules-2\files-2.1\org.springframework.boot\spring-boot-starter-web\2.0.6.RELEASE\e803fc341b450b2ce01734df12e5881b8e78c0a7\spring-boot-starter-web-2.0.6.RELEASE.jar;C:\Users\rhmarsh\.gradle\caches\modules-2\files-2.1\com.h2database\h2\1.4.197\bb391050048ca8ae3e32451b5a3714ecd3596a46\h2-1.4.197.jar;C:\Users\rhmarsh\.gradle\caches\modules-2\files-2.1\org.springframework.boot\spring-boot-starter-test\2.0.6.RELEASE\f92fd015cfc9a9bd6ae653dca8d4ec5b83d4ba00\spring-boot-starter-test-2.0.6.RELEASE.jar;C:\Users\rhmarsh\.gradle\caches\modules-2\files-2.1\org.springframework.boot\spring-boot-starter-json\2.0.6.RELEASE\1b3912af3eecdbbc6cda497acc7939f2ce21e39d\spring-boot-starter-json-2.0.6.RELEASE.jar;C:\Users\rhmarsh\.gradle\caches\modules-2\files-2.1\org.springframework.boot\spring-boot-starter\2.0.6.RELEASE\9d904a4387e076343a3478c32198ec7d9d633ff4\spring-boot-starter-2.0.6.RELEASE.jar;C:\Users\rhmarsh\.gradle\caches\modules-2\files-2.1\com.zaxxer\HikariCP\2.7.9\a83113d2c091d0d0f853dad3217bd7df3beb6ae3\HikariCP-2.7.9.jar;C:\Users\rhmarsh\.gradle\caches\modules-2\files-2.1\org.springframework\spring-jdbc\5.0.10.RELEASE\16ff6fad897185eb3fb01c58796de04b9b1e8c86\spring-jdbc-5.0.10.RELEASE.jar;C:\Users\rhmarsh\.gradle\caches\modules-2\files-2.1\org.springframework.boot\spring-boot-starter-tomcat\2.0.6.RELEASE\64b22bc3d0ba734532e7cbe941354985f2a86242\spring-boot-starter-tomcat-2.0.6.RELEASE.jar;C:\Users\rhmarsh\.gradle\caches\modules-2\files-2.1\org.hibernate.validator\hibernate-validator\6.0.13.Final\af4232bf90ecd33c71147d67185dbb1cfe8f33df\hibernate-validator-6.0.13.Final.jar;C:\Users\rhmarsh\.gradle\caches\modules-2\files-2.1\org.springframework\spring-webmvc\5.0.10.RELEASE\88a601321e2b4e3b84eed0909c24b9dd8e453b5f\spring-webmvc-5.0.10.RELEASE.jar;C:\Users\rhmarsh\.gradle\caches\modules-2\files-2.1\org.springframework\spring-web\5.0.10.RELEASE\fbaaa53ec99f45fd7aaf9125beeb5c3388cce088\spring-web-5.0.10.RELEASE.jar;C:\Users\rhmarsh\.gradle\caches\modules-2\files-2.1\org.springframework.boot\spring-boot-test-autoconfigure\2.0.6.RELEASE\b0eb15474e795850dfa59b01ee6a83d7a39e3645\spring-boot-test-autoconfigure-2.0.6.RELEASE.jar;C:\Users\rhmarsh\.gradle\caches\modules-2\files-2.1\org.springframework.boot\spring-boot-test\2.0.6.RELEASE\33a53ca6d55f35b3a89320c260262a5310ba8afc\spring-boot-test-2.0.6.RELEASE.jar;C:\Users\rhmarsh\.gradle\caches\modules-2\files-2.1\com.jayway.jsonpath\json-path\2.4.0\765a4401ceb2dc8d40553c2075eb80a8fa35c2ae\json-path-2.4.0.jar;C:\Users\rhmarsh\.gradle\caches\modules-2\files-2.1\junit\junit\4.12\2973d150c0dc1fefe998f834810d68f278ea58ec\junit-4.12.jar;C:\Users\rhmarsh\.gradle\caches\modules-2\files-2.1\org.assertj\assertj-core\3.9.1\c5ce126b15f28d56cd8f960c1a6a058b9c9aea87\assertj-core-3.9.1.jar;C:\Users\rhmarsh\.gradle\caches\modules-2\files-2.1\org.mockito\mockito-core\2.15.0\b84bfbbc29cd22c9529409627af6ea2897f4fa85\mockito-core-2.15.0.jar;C:\Users\rhmarsh\.gradle\caches\modules-2\files-2.1\org.hamcrest\hamcrest-library\1.3\4785a3c21320980282f9f33d0d1264a69040538f\hamcrest-library-1.3.jar;C:\Users\rhmarsh\.gradle\caches\modules-2\files-2.1\org.hamcrest\hamcrest-core\1.3\42a25dc3219429f0e5d060061f71acb49bf010a0\hamcrest-core-1.3.jar;C:\Users\rhmarsh\.gradle\caches\modules-2\files-2.1\org.skyscreamer\jsonassert\1.5.0\6c9d5fe2f59da598d9aefc1cfc6528ff3cf32df3\jsonassert-1.5.0.jar;C:\Users\rhmarsh\.gradle\caches\modules-2\files-2.1\org.springframework\spring-test\5.0.10.RELEASE\1d2d272073f36c689c693ec3ec94d7ad7e136a2e\spring-test-5.0.10.RELEASE.jar;C:\Users\rhmarsh\.gradle\caches\modules-2\files-2.1\org.springframework.boot\spring-boot-autoconfigure\2.0.6.RELEASE\e8c88fd703dbdf79f94178a5018ad67d1ecb1d0d\spring-boot-autoconfigure-2.0.6.RELEASE.jar;C:\Users\rhmarsh\.gradle\caches\modules-2\files-2.1\org.springframework.boot\spring-boot\2.0.6.RELEASE\4d214b08bbc74f03d404e8fc862102334e0f73d1\spring-boot-2.0.6.RELEASE.jar;C:\Users\rhmarsh\.gradle\caches\modules-2\files-2.1\org.springframework\spring-tx\5.0.10.RELEASE\55608ae84fde15eb942d675e3b1ee7d30394d4cb\spring-tx-5.0.10.RELEASE.jar;C:\Users\rhmarsh\.gradle\caches\modules-2\files-2.1\org.springframework\spring-context\5.0.10.RELEASE\6f53de0618219fefc2aebf92ba175e6b33e14ce0\spring-context-5.0.10.RELEASE.jar;C:\Users\rhmarsh\.gradle\caches\modules-2\files-2.1\org.springframework\spring-expression\5.0.10.RELEASE\eaf8595e3bf18ef1aca1c233d9871552d258e38a\spring-expression-5.0.10.RELEASE.jar;C:\Users\rhmarsh\.gradle\caches\modules-2\files-2.1\org.springframework\spring-aop\5.0.10.RELEASE\da65874f61aef9c25db794f493e50683346d3056\spring-aop-5.0.10.RELEASE.jar;C:\Users\rhmarsh\.gradle\caches\modules-2\files-2.1\org.springframework\spring-beans\5.0.10.RELEASE\8ec7da928082a123c50d5d70cd4b46382db27e8b\spring-beans-5.0.10.RELEASE.jar;C:\Users\rhmarsh\.gradle\caches\modules-2\files-2.1\org.springframework\spring-core\5.0.10.RELEASE\cb270a60ceb573961588f511222984de64b4bc96\spring-core-5.0.10.RELEASE.jar;C:\Users\rhmarsh\.gradle\caches\modules-2\files-2.1\org.xmlunit\xmlunit-core\2.5.1\4ffdb346572a7356f7521cd3119ce5287d2e339d\xmlunit-core-2.5.1.jar;C:\Users\rhmarsh\.gradle\caches\modules-2\files-2.1\org.springframework.boot\spring-boot-starter-logging\2.0.6.RELEASE\a730d62c8eb80cdc95e5089e47570d24731cf5dd\spring-boot-starter-logging-2.0.6.RELEASE.jar;C:\Users\rhmarsh\.gradle\caches\modules-2\files-2.1\javax.annotation\javax.annotation-api\1.3.2\934c04d3cfef185a8008e7bf34331b79730a9d43\javax.annotation-api-1.3.2.jar;C:\Users\rhmarsh\.gradle\caches\modules-2\files-2.1\org.yaml\snakeyaml\1.19\2d998d3d674b172a588e54ab619854d073f555b5\snakeyaml-1.19.jar;C:\Users\rhmarsh\.gradle\caches\modules-2\files-2.1\ch.qos.logback\logback-classic\1.2.3\7c4f3c474fb2c041d8028740440937705ebb473a\logback-classic-1.2.3.jar;C:\Users\rhmarsh\.gradle\caches\modules-2\files-2.1\org.apache.logging.log4j\log4j-to-slf4j\2.10.0\f7e631ccf49cfc0aefa4a2a728da7d374c05bd3c\log4j-to-slf4j-2.10.0.jar;C:\Users\rhmarsh\.gradle\caches\modules-2\files-2.1\org.slf4j\jul-to-slf4j\1.7.25\af5364cd6679bfffb114f0dec8a157aaa283b76\jul-to-slf4j-1.7.25.jar;C:\Users\rhmarsh\.gradle\caches\modules-2\files-2.1\org.slf4j\slf4j-api\1.7.25\da76ca59f6a57ee3102f8f9bd9cee742973efa8a\slf4j-api-1.7.25.jar;C:\Users\rhmarsh\.gradle\caches\modules-2\files-2.1\com.fasterxml.jackson.datatype\jackson-datatype-jdk8\2.9.7\98d8f190db07f97c64c0ea3af5792f718a6c2cc1\jackson-datatype-jdk8-2.9.7.jar;C:\Users\rhmarsh\.gradle\caches\modules-2\files-2.1\com.fasterxml.jackson.datatype\jackson-datatype-jsr310\2.9.7\cbd919f1ce67533e07b98dd493247e8dbabc26b2\jackson-datatype-jsr310-2.9.7.jar;C:\Users\rhmarsh\.gradle\caches\modules-2\files-2.1\com.fasterxml.jackson.module\jackson-module-parameter-names\2.9.7\f2bdd7696beffa2dbc5dc62cd24c3906a40ffcff\jackson-module-parameter-names-2.9.7.jar;C:\Users\rhmarsh\.gradle\caches\modules-2\files-2.1\com.fasterxml.jackson.core\jackson-databind\2.9.7\e6faad47abd3179666e89068485a1b88a195ceb7\jackson-databind-2.9.7.jar;C:\Users\rhmarsh\.gradle\caches\modules-2\files-2.1\org.apache.tomcat.embed\tomcat-embed-websocket\8.5.34\5f86906367c2540b21e6aeecc277d2ce9ec939b0\tomcat-embed-websocket-8.5.34.jar;C:\Users\rhmarsh\.gradle\caches\modules-2\files-2.1\org.apache.tomcat.embed\tomcat-embed-core\8.5.34\a038040d68a90397f95dd1e11b979fe364a5000f\tomcat-embed-core-8.5.34.jar;C:\Users\rhmarsh\.gradle\caches\modules-2\files-2.1\org.apache.tomcat.embed\tomcat-embed-el\8.5.34\be71a9a5bdd001db7cf97c47429eec0bdd3b7b88\tomcat-embed-el-8.5.34.jar;C:\Users\rhmarsh\.gradle\caches\modules-2\files-2.1\javax.validation\validation-api\2.0.1.Final\cb855558e6271b1b32e716d24cb85c7f583ce09e\validation-api-2.0.1.Final.jar;C:\Users\rhmarsh\.gradle\caches\modules-2\files-2.1\org.jboss.logging\jboss-logging\3.3.2.Final\3789d00e859632e6c6206adc0c71625559e6e3b0\jboss-logging-3.3.2.Final.jar;C:\Users\rhmarsh\.gradle\caches\modules-2\files-2.1\com.fasterxml\classmate\1.3.4\3d5f48f10bbe4eb7bd862f10c0583be2e0053c6\classmate-1.3.4.jar;C:\Users\rhmarsh\.gradle\caches\modules-2\files-2.1\net.minidev\json-smart\2.3\7396407491352ce4fa30de92efb158adb76b5b\json-smart-2.3.jar;C:\Users\rhmarsh\.gradle\caches\modules-2\files-2.1\net.bytebuddy\byte-buddy\1.7.11\f02857a4e2c66ccbe7aaad6100a0a6c461bce9b3\byte-buddy-1.7.11.jar;C:\Users\rhmarsh\.gradle\caches\modules-2\files-2.1\net.bytebuddy\byte-buddy-agent\1.7.11\b425a8933ca07edd03c6dbc8bc3b595fba9780de\byte-buddy-agent-1.7.11.jar;C:\Users\rhmarsh\.gradle\caches\modules-2\files-2.1\org.objenesis\objenesis\2.6\639033469776fd37c08358c6b92a4761feb2af4b\objenesis-2.6.jar;C:\Users\rhmarsh\.gradle\caches\modules-2\files-2.1\com.vaadin.external.google\android-json\0.0.20131108.vaadin1\fa26d351fe62a6a17f5cda1287c1c6110dec413f\android-json-0.0.20131108.vaadin1.jar;C:\Users\rhmarsh\.gradle\caches\modules-2\files-2.1\org.springframework\spring-jcl\5.0.10.RELEASE\8d6a766be91ae5613f2828eb9f77739a47ceb357\spring-jcl-5.0.10.RELEASE.jar;C:\Users\rhmarsh\.gradle\caches\modules-2\files-2.1\com.fasterxml.jackson.core\jackson-annotations\2.9.0\7c10d545325e3a6e72e06381afe469fd40eb701\jackson-annotations-2.9.0.jar;C:\Users\rhmarsh\.gradle\caches\modules-2\files-2.1\com.fasterxml.jackson.core\jackson-core\2.9.7\4b7f0e0dc527fab032e9800ed231080fdc3ac015\jackson-core-2.9.7.jar;C:\Users\rhmarsh\.gradle\caches\modules-2\files-2.1\net.minidev\accessors-smart\1.2\c592b500269bfde36096641b01238a8350f8aa31\accessors-smart-1.2.jar;C:\Users\rhmarsh\.gradle\caches\modules-2\files-2.1\ch.qos.logback\logback-core\1.2.3\864344400c3d4d92dfeb0a305dc87d953677c03c\logback-core-1.2.3.jar;C:\Users\rhmarsh\.gradle\caches\modules-2\files-2.1\org.apache.logging.log4j\log4j-api\2.10.0\fec5797a55b786184a537abd39c3fa1449d752d6\log4j-api-2.10.0.jar;C:\Users\rhmarsh\.gradle\caches\modules-2\files-2.1\org.ow2.asm\asm\5.0.4\da08b8cce7bbf903602a25a3a163ae252435795\asm-5.0.4.jar, user.name=rhmarsh, java.vm.specification.version=1.8, sun.java.command=worker.org.gradle.process.internal.worker.GradleWorkerMain 'Gradle Test Executor 1', java.home=C:\RedHat\JDK8\jre, sun.arch.data.model=64, user.language=en, java.specification.vendor=Oracle Corporation, awt.toolkit=sun.awt.windows.WToolkit, java.vm.info=mixed mode, java.version=1.8.0_121, java.ext.dirs=C:\RedHat\JDK8\jre\lib\ext;C:\WINDOWS\Sun\Java\lib\ext, sun.boot.class.path=C:\RedHat\JDK8\jre\lib\resources.jar;C:\RedHat\JDK8\jre\lib\rt.jar;C:\RedHat\JDK8\jre\lib\sunrsasign.jar;C:\RedHat\JDK8\jre\lib\jsse.jar;C:\RedHat\JDK8\jre\lib\jce.jar;C:\RedHat\JDK8\jre\lib\charsets.jar;C:\RedHat\JDK8\jre\lib\jfr.jar;C:\RedHat\JDK8\jre\classes, java.vendor=Oracle Corporation, org.gradle.test.worker=1, file.separator=\, java.vendor.url.bug=http://bugreport.sun.com/bugreport/, sun.io.unicode.encoding=UnicodeLittle, sun.cpu.endian=little, sun.desktop=windows, sun.cpu.isalist=amd64}}, SystemEnvironmentPropertySource@274333270 {name='systemEnvironment', properties={USERDOMAIN_ROAMINGPROFILE=LOWES, PROCESSOR_LEVEL=6, SESSIONNAME=Console, ALLUSERSPROFILE=C:\ProgramData, PROCESSOR_ARCHITECTURE=AMD64, PSModulePath=;C:\Users\rhmarsh\AppData\Local\Google\Cloud SDK\google-cloud-sdk\platform\PowerShell;C:\Program Files\WindowsPowerShell\Modules;C:\WINDOWS\system32\WindowsPowerShell\v1.0\Modules, SystemDrive=C:, DataConnectorLibPath=C:\Program Files\Teradata\Client\16.10\bin\;C:\Program Files (x86)\Teradata\Client\16.10\bin\, DIRNAME=C:\Gradle\gradle-4.10.2\bin\, USERNAME=rhmarsh, OneDriveSync=C:\Users\rhmarsh\OneDrive - Lowe's Companies Inc, USERDNSDOMAIN=LOWES.COM, TERM_PROGRAM_VERSION=1.28.2, CMD_LINE_ARGS=buildDocker, ProgramFiles(x86)=C:\Program Files (x86), APP_HOME=C:\Gradle\gradle-4.10.2\bin\.., PATHEXT=.COM;.EXE;.BAT;.CMD;.VBS;.VBE;.JS;.JSE;.WSF;.WSH;.MSC;.CPL, DriverData=C:\Windows\System32\Drivers\DriverData, ProgramData=C:\ProgramData, ProgramW6432=C:\Program Files, HOMEPATH=\Users\rhmarsh, PROCESSOR_IDENTIFIER=Intel64 Family 6 Model 78 Stepping 3, GenuineIntel, ProgramFiles=C:\Program Files, PUBLIC=C:\Users\Public, windir=C:\WINDOWS, _SKIP=2, DB2INSTANCE=DB2, LOCALAPPDATA=C:\Users\rhmarsh\AppData\Local, USERDOMAIN=LOWES, LOGONSERVER=\\DCOWSCORP04, JAVA_HOME=C:\RedHat\JDK8, PROMPT=$P$G, OneDrive=C:\Users\rhmarsh\OneDrive - Lowe's Companies Inc, =C:=C:\gcp\userservice\userservice, APPDATA=C:\Users\rhmarsh\AppData\Roaming, JAVA_EXE=C:\RedHat\JDK8/bin/java.exe, CommonProgramFiles=C:\Program Files\Common Files, Path=C:\Program Files\Teradata\Client\16.10\bin;C:\Program Files (x86)\Teradata\Client\16.10\bin;C:\Oracle\11g\Product\11.2.0\Client_1\bin;C:\Program Files (x86)\RSA SecurID Token Common;C:\ProgramData\Oracle\Java\javapath;C:\WINDOWS\system32;C:\WINDOWS;C:\WINDOWS\System32\Wbem;C:\WINDOWS\System32\WindowsPowerShell\v1.0\;C:\WINDOWS\System32\OpenSSH\;C:\PROGRA~1\IBM\SQLLIB\BIN;C:\PROGRA~1\IBM\SQLLIB\FUNCTION;C:\Users\rhmarsh\AppData\Local\Microsoft\WindowsApps;C:\Node;C:\mvn\apache-maven-3.5.0\bin;C:\python-3.7.1-embed-amd64;C:\python-3.7.1-embed-amd64\Scripts;C:\Users\rhmarsh\AppData\Local\Google\Cloud SDK\google-cloud-sdk\bin;C:\Gradle\gradle-4.10.2\bin;, VSCODE_CWD=C:\VSCode, OS=Windows_NT, TERM_PROGRAM=vscode, COMPUTERNAME=NB1999-PC0FYPDG, PROCESSOR_REVISION=4e03, CLASSPATH=C:\Gradle\gradle-4.10.2\bin\..\lib\gradle-launcher-4.10.2.jar, CommonProgramW6432=C:\Program Files\Common Files, ComSpec=C:\WINDOWS\system32\cmd.exe, UATDATA=C:\WINDOWS\CCM\UATData\D9F8C395-CAB8-491d-B8AC-179A1FE1BE77, APP_BASE_NAME=gradle, SystemRoot=C:\WINDOWS, TEMP=C:\Users\rhmarsh\AppData\Local\Temp, HOMEDRIVE=C:, USERPROFILE=C:\Users\rhmarsh, TMP=C:\Users\rhmarsh\AppData\Local\Temp, CommonProgramFiles(x86)=C:\Program Files (x86)\Common Files, NUMBER_OF_PROCESSORS=4}}]
12:25:17.698 [Test worker] DEBUG org.springframework.test.context.support.TestPropertySourceUtils - Adding inlined properties to environment: {spring.jmx.enabled=false, org.springframework.boot.test.context.SpringBootTestContextBootstrapper=true, server.port=-1}
12:25:17.698 [Test worker] DEBUG org.springframework.core.env.StandardEnvironment - Adding PropertySource 'Inlined Test Properties' with highest search precedence

  .   ____          _            __ _ _
 /\\ / ___'_ __ _ _(_)_ __  __ _ \ \ \ \
( ( )\___ | '_ | '_| | '_ \/ _` | \ \ \ \
 \\/  ___)| |_)| | | | | || (_| |  ) ) ) )
  '  |____| .__|_| |_|_| |_\__, | / / / /
 =========|_|==============|___/=/_/_/_/
 :: Spring Boot ::        (v2.0.6.RELEASE)

2018-11-19 12:25:18.095  INFO 137308 --- [    Test worker] c.e.p.u.UserserviceApplicationTests      : Starting UserserviceApplicationTests on NB1999-PC0FYPDG with PID 137308 (started by rhmarsh in C:\gcp\userservice\userservice)
2018-11-19 12:25:18.097  INFO 137308 --- [    Test worker] c.e.p.u.UserserviceApplicationTests      : No active profile set, falling back to default profiles: default
2018-11-19 12:25:18.170  INFO 137308 --- [    Test worker] o.s.w.c.s.GenericWebApplicationContext   : Refreshing org.springframework.web.context.support.GenericWebApplicationContext@6048810d: startup date [Mon Nov 19 12:25:18 EST 2018]; root of context hierarchy
2018-11-19 12:25:19.830  INFO 137308 --- [    Test worker] com.zaxxer.hikari.HikariDataSource       : HikariPool-1 - Starting...
2018-11-19 12:25:19.986  INFO 137308 --- [    Test worker] com.zaxxer.hikari.HikariDataSource       : HikariPool-1 - Start completed.
2018-11-19 12:25:20.020  INFO 137308 --- [    Test worker] o.s.jdbc.datasource.init.ScriptUtils     : Executing SQL script from URL [file:/C:/gcp/userservice/userservice/build/resources/main/schema.sql]
2018-11-19 12:25:20.024  INFO 137308 --- [    Test worker] o.s.jdbc.datasource.init.ScriptUtils     : Executed SQL script from URL [file:/C:/gcp/userservice/userservice/build/resources/main/schema.sql] in 4 ms.
2018-11-19 12:25:20.024  INFO 137308 --- [    Test worker] o.s.jdbc.datasource.init.ScriptUtils     : Executing SQL script from URL [file:/C:/gcp/userservice/userservice/build/resources/main/data.sql]
2018-11-19 12:25:20.039  INFO 137308 --- [    Test worker] o.s.jdbc.datasource.init.ScriptUtils     : Executed SQL script from URL [file:/C:/gcp/userservice/userservice/build/resources/main/data.sql] in 15 ms.
2018-11-19 12:25:20.737  INFO 137308 --- [    Test worker] o.s.w.s.handler.SimpleUrlHandlerMapping  : Mapped URL path [/**/favicon.ico] onto handler of type [class org.springframework.web.servlet.resource.ResourceHttpRequestHandler]
2018-11-19 12:25:20.993  INFO 137308 --- [    Test worker] s.w.s.m.m.a.RequestMappingHandlerAdapter : Looking for @ControllerAdvice: org.springframework.web.context.support.GenericWebApplicationContext@6048810d: startup date [Mon Nov 19 12:25:18 EST 2018]; root of context hierarchy
2018-11-19 12:25:21.107  INFO 137308 --- [    Test worker] s.w.s.m.m.a.RequestMappingHandlerMapping : Mapped "{[/users],methods=[GET]}" onto public java.util.List<com.example.projects.userservice.model.Users> com.example.projects.userservice.controller.UserServiceRestController.getUsersList()
2018-11-19 12:25:21.122  INFO 137308 --- [    Test worker] s.w.s.m.m.a.RequestMappingHandlerMapping : Mapped "{[/error]}" onto public org.springframework.http.ResponseEntity<java.util.Map<java.lang.String, java.lang.Object>> org.springframework.boot.autoconfigure.web.servlet.error.BasicErrorController.error(javax.servlet.http.HttpServletRequest)
2018-11-19 12:25:21.129  INFO 137308 --- [    Test worker] s.w.s.m.m.a.RequestMappingHandlerMapping : Mapped "{[/error],produces=[text/html]}" onto public org.springframework.web.servlet.ModelAndView org.springframework.boot.autoconfigure.web.servlet.error.BasicErrorController.errorHtml(javax.servlet.http.HttpServletRequest,javax.servlet.http.HttpServletResponse)
2018-11-19 12:25:21.174  INFO 137308 --- [    Test worker] o.s.w.s.handler.SimpleUrlHandlerMapping  : Mapped URL path [/webjars/**] onto handler of type [class org.springframework.web.servlet.resource.ResourceHttpRequestHandler]
2018-11-19 12:25:21.174  INFO 137308 --- [    Test worker] o.s.w.s.handler.SimpleUrlHandlerMapping  : Mapped URL path [/**] onto handler of type [class org.springframework.web.servlet.resource.ResourceHttpRequestHandler]
2018-11-19 12:25:21.618  INFO 137308 --- [    Test worker] c.e.p.u.UserserviceApplicationTests      : Started UserserviceApplicationTests in 3.92 seconds (JVM running for 5.887)
]]></system-out>
  <system-err><![CDATA[]]></system-err>
</testsuite>
